<?xml version="1.0" encoding="UTF-8"?>
<!-- Generated by org.testng.reporters.JUnitReportReporter -->
<testsuite hostname="Divyam" failures="0" tests="1" name="Test.NewTest" time="0.007" errors="0" timestamp="2024-07-23T12:57:33 IST" skipped="0">
  <testcase classname="Test.NewTest" name="f" time="0.007"/>
  <system-out/>
</testsuite> <!-- Test.NewTest -->
